This is pdfTeX, Version 3.141592653-2.6-1.40.26 (TeX Live 2024) (preloaded format=pdflatex 2025.2.19)  20 FEB 2025 14:57
entering extended mode
 restricted \write18 enabled.
 file:line:error style messages enabled.
 %&-line parsing enabled.
**ASTE586_ComputerProjectPart1_GerthAndrew.tex
(./ASTE586_ComputerProjectPart1_GerthAndrew.tex
LaTeX2e <2023-11-01> patch level 1
L3 programming layer <2024-02-20>
(/usr/local/texlive/2024/texmf-dist/tex/latex/base/article.cls
Document Class: article 2023/05/17 v1.4n Standard LaTeX document class
(/usr/local/texlive/2024/texmf-dist/tex/latex/base/size11.clo
File: size11.clo 2023/05/17 v1.4n Standard LaTeX file (size option)
)
\c@part=\count188
\c@section=\count189
\c@subsection=\count190
\c@subsubsection=\count191
\c@paragraph=\count192
\c@subparagraph=\count193
\c@figure=\count194
\c@table=\count195
\abovecaptionskip=\skip48
\belowcaptionskip=\skip49
\bibindent=\dimen140
)
(/usr/local/texlive/2024/texmf-dist/tex/latex/geometry/geometry.sty
Package: geometry 2020/01/02 v5.9 Page Geometry

(/usr/local/texlive/2024/texmf-dist/tex/latex/graphics/keyval.sty
Package: keyval 2022/05/29 v1.15 key=value parser (DPC)
\KV@toks@=\toks17
)
(/usr/local/texlive/2024/texmf-dist/tex/generic/iftex/ifvtex.sty
Package: ifvtex 2019/10/25 v1.7 ifvtex legacy package. Use iftex instead.

(/usr/local/texlive/2024/texmf-dist/tex/generic/iftex/iftex.sty
Package: iftex 2022/02/03 v1.0f TeX engine tests
))
\Gm@cnth=\count196
\Gm@cntv=\count197
\c@Gm@tempcnt=\count198
\Gm@bindingoffset=\dimen141
\Gm@wd@mp=\dimen142
\Gm@odd@mp=\dimen143
\Gm@even@mp=\dimen144
\Gm@layoutwidth=\dimen145
\Gm@layoutheight=\dimen146
\Gm@layouthoffset=\dimen147
\Gm@layoutvoffset=\dimen148
\Gm@dimlist=\toks18
)
(/usr/local/texlive/2024/texmf-dist/tex/latex/parskip/parskip.sty
Package: parskip 2021-03-14 v2.0h non-zero parskip adjustments

(/usr/local/texlive/2024/texmf-dist/tex/latex/kvoptions/kvoptions.sty
Package: kvoptions 2022-06-15 v3.15 Key value format for package options (HO)

(/usr/local/texlive/2024/texmf-dist/tex/generic/ltxcmds/ltxcmds.sty
Package: ltxcmds 2023-12-04 v1.26 LaTeX kernel commands for general use (HO)
)
(/usr/local/texlive/2024/texmf-dist/tex/latex/kvsetkeys/kvsetkeys.sty
Package: kvsetkeys 2022-10-05 v1.19 Key value parser (HO)
))
(/usr/local/texlive/2024/texmf-dist/tex/latex/etoolbox/etoolbox.sty
Package: etoolbox 2020/10/05 v2.5k e-TeX tools for LaTeX (JAW)
\etb@tempcnta=\count199
))
(/usr/local/texlive/2024/texmf-dist/tex/latex/graphics/graphicx.sty
Package: graphicx 2021/09/16 v1.2d Enhanced LaTeX Graphics (DPC,SPQR)

(/usr/local/texlive/2024/texmf-dist/tex/latex/graphics/graphics.sty
Package: graphics 2022/03/10 v1.4e Standard LaTeX Graphics (DPC,SPQR)

(/usr/local/texlive/2024/texmf-dist/tex/latex/graphics/trig.sty
Package: trig 2021/08/11 v1.11 sin cos tan (DPC)
)
(/usr/local/texlive/2024/texmf-dist/tex/latex/graphics-cfg/graphics.cfg
File: graphics.cfg 2016/06/04 v1.11 sample graphics configuration
)
Package graphics Info: Driver file: pdftex.def on input line 107.

(/usr/local/texlive/2024/texmf-dist/tex/latex/graphics-def/pdftex.def
File: pdftex.def 2022/09/22 v1.2b Graphics/color driver for pdftex
))
\Gin@req@height=\dimen149
\Gin@req@width=\dimen150
)
(/usr/local/texlive/2024/texmf-dist/tex/latex/amsfonts/amssymb.sty
Package: amssymb 2013/01/14 v3.01 AMS font symbols

(/usr/local/texlive/2024/texmf-dist/tex/latex/amsfonts/amsfonts.sty
Package: amsfonts 2013/01/14 v3.01 Basic AMSFonts support
\@emptytoks=\toks19
\symAMSa=\mathgroup4
\symAMSb=\mathgroup5
LaTeX Font Info:    Redeclaring math symbol \hbar on input line 98.
LaTeX Font Info:    Overwriting math alphabet `\mathfrak' in version `bold'
(Font)                  U/euf/m/n --> U/euf/b/n on input line 106.
))
(/usr/local/texlive/2024/texmf-dist/tex/latex/pdfpages/pdfpages.sty
Package: pdfpages 2024/01/21 v0.5y Insert pages of external PDF documents (AM)

(/usr/local/texlive/2024/texmf-dist/tex/latex/base/ifthen.sty
Package: ifthen 2022/04/13 v1.1d Standard LaTeX ifthen package (DPC)
)
(/usr/local/texlive/2024/texmf-dist/tex/latex/tools/calc.sty
Package: calc 2023/07/08 v4.3 Infix arithmetic (KKT,FJ)
\calc@Acount=\count266
\calc@Bcount=\count267
\calc@Adimen=\dimen151
\calc@Bdimen=\dimen152
\calc@Askip=\skip50
\calc@Bskip=\skip51
LaTeX Info: Redefining \setlength on input line 80.
LaTeX Info: Redefining \addtolength on input line 81.
\calc@Ccount=\count268
\calc@Cskip=\skip52
)
(/usr/local/texlive/2024/texmf-dist/tex/latex/eso-pic/eso-pic.sty
Package: eso-pic 2023/05/03 v3.0c eso-pic (RN)
\ESO@tempdima=\dimen153
\ESO@tempdimb=\dimen154

(/usr/local/texlive/2024/texmf-dist/tex/latex/xcolor/xcolor.sty
Package: xcolor 2023/11/15 v3.01 LaTeX color extensions (UK)

(/usr/local/texlive/2024/texmf-dist/tex/latex/graphics-cfg/color.cfg
File: color.cfg 2016/01/02 v1.6 sample color configuration
)
Package xcolor Info: Driver file: pdftex.def on input line 274.

(/usr/local/texlive/2024/texmf-dist/tex/latex/graphics/mathcolor.ltx)
Package xcolor Info: Model `cmy' substituted by `cmy0' on input line 1350.
Package xcolor Info: Model `hsb' substituted by `rgb' on input line 1354.
Package xcolor Info: Model `RGB' extended on input line 1366.
Package xcolor Info: Model `HTML' substituted by `rgb' on input line 1368.
Package xcolor Info: Model `Hsb' substituted by `hsb' on input line 1369.
Package xcolor Info: Model `tHsb' substituted by `hsb' on input line 1370.
Package xcolor Info: Model `HSB' substituted by `hsb' on input line 1371.
Package xcolor Info: Model `Gray' substituted by `gray' on input line 1372.
Package xcolor Info: Model `wave' substituted by `hsb' on input line 1373.
))
\AM@pagewidth=\dimen155
\AM@pageheight=\dimen156
\AM@fboxrule=\dimen157

(/usr/local/texlive/2024/texmf-dist/tex/latex/pdfpages/pppdftex.def
File: pppdftex.def 2024/01/21 v0.5y Pdfpages driver for pdfTeX (AM)
)
\pdfpages@includegraphics@status=\count269
\AM@pagebox=\box51
\AM@global@opts=\toks20
\AM@pagecnt=\count270
\AM@toc@title=\toks21
\AM@lof@heading=\toks22
\c@AM@survey=\count271
\AM@templatesizebox=\box52
)
(/usr/local/texlive/2024/texmf-dist/tex/latex/l3backend/l3backend-pdftex.def
File: l3backend-pdftex.def 2024-02-20 L3 backend support: PDF output (pdfTeX)
\l__color_backend_stack_int=\count272
\l__pdf_internal_box=\box53
)
(./ASTE586_ComputerProjectPart1_GerthAndrew.aux)
\openout1 = `ASTE586_ComputerProjectPart1_GerthAndrew.aux'.

LaTeX Font Info:    Checking defaults for OML/cmm/m/it on input line 22.
LaTeX Font Info:    ... okay on input line 22.
LaTeX Font Info:    Checking defaults for OMS/cmsy/m/n on input line 22.
LaTeX Font Info:    ... okay on input line 22.
LaTeX Font Info:    Checking defaults for OT1/cmr/m/n on input line 22.
LaTeX Font Info:    ... okay on input line 22.
LaTeX Font Info:    Checking defaults for T1/cmr/m/n on input line 22.
LaTeX Font Info:    ... okay on input line 22.
LaTeX Font Info:    Checking defaults for TS1/cmr/m/n on input line 22.
LaTeX Font Info:    ... okay on input line 22.
LaTeX Font Info:    Checking defaults for OMX/cmex/m/n on input line 22.
LaTeX Font Info:    ... okay on input line 22.
LaTeX Font Info:    Checking defaults for U/cmr/m/n on input line 22.
LaTeX Font Info:    ... okay on input line 22.

*geometry* driver: auto-detecting
*geometry* detected driver: pdftex
*geometry* verbose mode - [ preamble ] result:
* driver: pdftex
* paper: letterpaper
* layout: <same size as paper>
* layoutoffset:(h,v)=(0.0pt,0.0pt)
* modes: 
* h-part:(L,W,R)=(92.14519pt, 430.00462pt, 92.14519pt)
* v-part:(T,H,B)=(95.39737pt, 556.47656pt, 143.09605pt)
* \paperwidth=614.295pt
* \paperheight=794.96999pt
* \textwidth=430.00462pt
* \textheight=556.47656pt
* \oddsidemargin=19.8752pt
* \evensidemargin=19.8752pt
* \topmargin=-13.87262pt
* \headheight=12.0pt
* \headsep=25.0pt
* \topskip=11.0pt
* \footskip=30.0pt
* \marginparwidth=59.0pt
* \marginparsep=10.0pt
* \columnsep=10.0pt
* \skip\footins=10.0pt plus 4.0pt minus 2.0pt
* \hoffset=0.0pt
* \voffset=0.0pt
* \mag=1000
* \@twocolumnfalse
* \@twosidefalse
* \@mparswitchfalse
* \@reversemarginfalse
* (1in=72.27pt=25.4mm, 1cm=28.453pt)

(/usr/local/texlive/2024/texmf-dist/tex/context/base/mkii/supp-pdf.mkii
[Loading MPS to PDF converter (version 2006.09.02).]
\scratchcounter=\count273
\scratchdimen=\dimen158
\scratchbox=\box54
\nofMPsegments=\count274
\nofMParguments=\count275
\everyMPshowfont=\toks23
\MPscratchCnt=\count276
\MPscratchDim=\dimen159
\MPnumerator=\count277
\makeMPintoPDFobject=\count278
\everyMPtoPDFconversion=\toks24
) (/usr/local/texlive/2024/texmf-dist/tex/latex/epstopdf-pkg/epstopdf-base.sty
Package: epstopdf-base 2020-01-24 v2.11 Base part for package epstopdf
Package epstopdf-base Info: Redefining graphics rule for `.eps' on input line 4
85.

(/usr/local/texlive/2024/texmf-dist/tex/latex/latexconfig/epstopdf-sys.cfg
File: epstopdf-sys.cfg 2010/07/13 v1.3 Configuration of (r)epstopdf for TeX Liv
e
))
(/usr/local/texlive/2024/texmf-dist/tex/latex/pdflscape/pdflscape.sty
Package: pdflscape 2022-10-27 v0.13 Display of landscape pages in PDF

(/usr/local/texlive/2024/texmf-dist/tex/latex/pdflscape/pdflscape-nometadata.st
y
Package: pdflscape-nometadata 2022-10-28 v0.13 Display of landscape pages in PD
F (HO)
 (/usr/local/texlive/2024/texmf-dist/tex/latex/graphics/lscape.sty
Package: lscape 2020/05/28 v3.02 Landscape Pages (DPC)
)
Package pdflscape Info: Auto-detected driver: pdftex on input line 81.
))
LaTeX Font Info:    Trying to load font information for U+msa on input line 24.


(/usr/local/texlive/2024/texmf-dist/tex/latex/amsfonts/umsa.fd
File: umsa.fd 2013/01/14 v3.01 AMS symbols A
)
LaTeX Font Info:    Trying to load font information for U+msb on input line 24.


(/usr/local/texlive/2024/texmf-dist/tex/latex/amsfonts/umsb.fd
File: umsb.fd 2013/01/14 v3.01 AMS symbols B
) [1

{/usr/local/texlive/2024/texmf-var/fonts/map/pdftex/updmap/pdftex.map}]
Underfull \hbox (badness 10000) in paragraph at lines 141--142

 []


Underfull \hbox (badness 10000) in paragraph at lines 146--147

 []


Underfull \hbox (badness 10000) in paragraph at lines 190--191

 []

[2]
Underfull \hbox (badness 10000) in paragraph at lines 206--207

 []

[3]
<ASTE586_ComputerProject_Part1_Plot1.pdf, id=24, 867.24pt x 1156.32pt>
File: ASTE586_ComputerProject_Part1_Plot1.pdf Graphic file (type pdf)
<use ASTE586_ComputerProject_Part1_Plot1.pdf>
Package pdftex.def Info: ASTE586_ComputerProject_Part1_Plot1.pdf  used on input
 line 260.
(pdftex.def)             Requested size: 867.2379pt x 1156.31718pt.
File: ASTE586_ComputerProject_Part1_Plot1.pdf Graphic file (type pdf)
<use ASTE586_ComputerProject_Part1_Plot1.pdf>
Package pdftex.def Info: ASTE586_ComputerProject_Part1_Plot1.pdf  used on input
 line 260.
(pdftex.def)             Requested size: 867.2379pt x 1156.31718pt.
<ASTE586_ComputerProject_Part1_Plot1.pdf, id=27, page=1, 867.24pt x 1156.32pt>
File: ASTE586_ComputerProject_Part1_Plot1.pdf Graphic file (type pdf)
<use ASTE586_ComputerProject_Part1_Plot1.pdf, page 1>
Package pdftex.def Info: ASTE586_ComputerProject_Part1_Plot1.pdf , page1 used o
n input line 260.
(pdftex.def)             Requested size: 867.2379pt x 1156.31718pt.
File: ASTE586_ComputerProject_Part1_Plot1.pdf Graphic file (type pdf)
<use ASTE586_ComputerProject_Part1_Plot1.pdf, page 1>
Package pdftex.def Info: ASTE586_ComputerProject_Part1_Plot1.pdf , page1 used o
n input line 260.
(pdftex.def)             Requested size: 596.38484pt x 795.17978pt.
 [4]
File: ASTE586_ComputerProject_Part1_Plot1.pdf Graphic file (type pdf)
<use ASTE586_ComputerProject_Part1_Plot1.pdf, page 1>
Package pdftex.def Info: ASTE586_ComputerProject_Part1_Plot1.pdf , page1 used o
n input line 260.
(pdftex.def)             Requested size: 596.38484pt x 795.17978pt.
File: ASTE586_ComputerProject_Part1_Plot1.pdf Graphic file (type pdf)
<use ASTE586_ComputerProject_Part1_Plot1.pdf, page 1>
Package pdftex.def Info: ASTE586_ComputerProject_Part1_Plot1.pdf , page1 used o
n input line 260.
(pdftex.def)             Requested size: 596.38484pt x 795.17978pt.
File: ASTE586_ComputerProject_Part1_Plot1.pdf Graphic file (type pdf)
<use ASTE586_ComputerProject_Part1_Plot1.pdf, page 1>
Package pdftex.def Info: ASTE586_ComputerProject_Part1_Plot1.pdf , page1 used o
n input line 260.
(pdftex.def)             Requested size: 596.38484pt x 795.17978pt.
 [5

 <./ASTE586_ComputerProject_Part1_Plot1.pdf>]
<ASTE586_ComputerProject_Part1_Plot2.pdf, id=100, 867.24pt x 1156.32pt>
File: ASTE586_ComputerProject_Part1_Plot2.pdf Graphic file (type pdf)
<use ASTE586_ComputerProject_Part1_Plot2.pdf>
Package pdftex.def Info: ASTE586_ComputerProject_Part1_Plot2.pdf  used on input
 line 264.
(pdftex.def)             Requested size: 867.2379pt x 1156.31718pt.
File: ASTE586_ComputerProject_Part1_Plot2.pdf Graphic file (type pdf)
<use ASTE586_ComputerProject_Part1_Plot2.pdf>
Package pdftex.def Info: ASTE586_ComputerProject_Part1_Plot2.pdf  used on input
 line 264.
(pdftex.def)             Requested size: 867.2379pt x 1156.31718pt.
<ASTE586_ComputerProject_Part1_Plot2.pdf, id=103, page=1, 867.24pt x 1156.32pt>

File: ASTE586_ComputerProject_Part1_Plot2.pdf Graphic file (type pdf)
<use ASTE586_ComputerProject_Part1_Plot2.pdf, page 1>
Package pdftex.def Info: ASTE586_ComputerProject_Part1_Plot2.pdf , page1 used o
n input line 264.
(pdftex.def)             Requested size: 867.2379pt x 1156.31718pt.
File: ASTE586_ComputerProject_Part1_Plot2.pdf Graphic file (type pdf)
<use ASTE586_ComputerProject_Part1_Plot2.pdf, page 1>
Package pdftex.def Info: ASTE586_ComputerProject_Part1_Plot2.pdf , page1 used o
n input line 264.
(pdftex.def)             Requested size: 596.38484pt x 795.17978pt.
 [6]
File: ASTE586_ComputerProject_Part1_Plot2.pdf Graphic file (type pdf)
<use ASTE586_ComputerProject_Part1_Plot2.pdf, page 1>
Package pdftex.def Info: ASTE586_ComputerProject_Part1_Plot2.pdf , page1 used o
n input line 264.
(pdftex.def)             Requested size: 596.38484pt x 795.17978pt.
File: ASTE586_ComputerProject_Part1_Plot2.pdf Graphic file (type pdf)
<use ASTE586_ComputerProject_Part1_Plot2.pdf, page 1>
Package pdftex.def Info: ASTE586_ComputerProject_Part1_Plot2.pdf , page1 used o
n input line 264.
(pdftex.def)             Requested size: 596.38484pt x 795.17978pt.
File: ASTE586_ComputerProject_Part1_Plot2.pdf Graphic file (type pdf)
<use ASTE586_ComputerProject_Part1_Plot2.pdf, page 1>
Package pdftex.def Info: ASTE586_ComputerProject_Part1_Plot2.pdf , page1 used o
n input line 264.
(pdftex.def)             Requested size: 596.38484pt x 795.17978pt.
 [7

 <./ASTE586_ComputerProject_Part1_Plot2.pdf>]
<ASTE86_ComputerProject_Part1_Code_GerthAndrew.pdf, id=178, 614.295pt x 794.97p
t>
File: ASTE86_ComputerProject_Part1_Code_GerthAndrew.pdf Graphic file (type pdf)

<use ASTE86_ComputerProject_Part1_Code_GerthAndrew.pdf>
Package pdftex.def Info: ASTE86_ComputerProject_Part1_Code_GerthAndrew.pdf  use
d on input line 286.
(pdftex.def)             Requested size: 614.29349pt x 794.96806pt.
File: ASTE86_ComputerProject_Part1_Code_GerthAndrew.pdf Graphic file (type pdf)

<use ASTE86_ComputerProject_Part1_Code_GerthAndrew.pdf>
Package pdftex.def Info: ASTE86_ComputerProject_Part1_Code_GerthAndrew.pdf  use
d on input line 286.
(pdftex.def)             Requested size: 614.29349pt x 794.96806pt.
<ASTE86_ComputerProject_Part1_Code_GerthAndrew.pdf, id=181, page=1, 614.295pt x
 794.97pt>
File: ASTE86_ComputerProject_Part1_Code_GerthAndrew.pdf Graphic file (type pdf)

<use ASTE86_ComputerProject_Part1_Code_GerthAndrew.pdf, page 1>
Package pdftex.def Info: ASTE86_ComputerProject_Part1_Code_GerthAndrew.pdf , pa
ge1 used on input line 286.
(pdftex.def)             Requested size: 614.29349pt x 794.96806pt.
File: ASTE86_ComputerProject_Part1_Code_GerthAndrew.pdf Graphic file (type pdf)

<use ASTE86_ComputerProject_Part1_Code_GerthAndrew.pdf, page 1>
Package pdftex.def Info: ASTE86_ComputerProject_Part1_Code_GerthAndrew.pdf , pa
ge1 used on input line 286.
(pdftex.def)             Requested size: 614.58406pt x 795.3441pt.
 [8]
File: ASTE86_ComputerProject_Part1_Code_GerthAndrew.pdf Graphic file (type pdf)

<use ASTE86_ComputerProject_Part1_Code_GerthAndrew.pdf, page 1>
Package pdftex.def Info: ASTE86_ComputerProject_Part1_Code_GerthAndrew.pdf , pa
ge1 used on input line 286.
(pdftex.def)             Requested size: 614.58406pt x 795.3441pt.
File: ASTE86_ComputerProject_Part1_Code_GerthAndrew.pdf Graphic file (type pdf)

<use ASTE86_ComputerProject_Part1_Code_GerthAndrew.pdf, page 1>
Package pdftex.def Info: ASTE86_ComputerProject_Part1_Code_GerthAndrew.pdf , pa
ge1 used on input line 286.
(pdftex.def)             Requested size: 614.58406pt x 795.3441pt.
File: ASTE86_ComputerProject_Part1_Code_GerthAndrew.pdf Graphic file (type pdf)

<use ASTE86_ComputerProject_Part1_Code_GerthAndrew.pdf, page 1>
Package pdftex.def Info: ASTE86_ComputerProject_Part1_Code_GerthAndrew.pdf , pa
ge1 used on input line 286.
(pdftex.def)             Requested size: 614.58406pt x 795.3441pt.
 [9

 <./ASTE86_ComputerProject_Part1_Code_GerthAndrew.pdf>]
<ASTE86_ComputerProject_Part1_Code_GerthAndrew.pdf, id=191, page=2, 614.295pt x
 794.97pt>
File: ASTE86_ComputerProject_Part1_Code_GerthAndrew.pdf Graphic file (type pdf)

<use ASTE86_ComputerProject_Part1_Code_GerthAndrew.pdf, page 2>
Package pdftex.def Info: ASTE86_ComputerProject_Part1_Code_GerthAndrew.pdf , pa
ge2 used on input line 286.
(pdftex.def)             Requested size: 614.58406pt x 795.3441pt.
File: ASTE86_ComputerProject_Part1_Code_GerthAndrew.pdf Graphic file (type pdf)

<use ASTE86_ComputerProject_Part1_Code_GerthAndrew.pdf, page 2>
Package pdftex.def Info: ASTE86_ComputerProject_Part1_Code_GerthAndrew.pdf , pa
ge2 used on input line 286.
(pdftex.def)             Requested size: 614.58406pt x 795.3441pt.
File: ASTE86_ComputerProject_Part1_Code_GerthAndrew.pdf Graphic file (type pdf)

<use ASTE86_ComputerProject_Part1_Code_GerthAndrew.pdf, page 2>
Package pdftex.def Info: ASTE86_ComputerProject_Part1_Code_GerthAndrew.pdf , pa
ge2 used on input line 286.
(pdftex.def)             Requested size: 614.58406pt x 795.3441pt.
 [10

 <./ASTE86_ComputerProject_Part1_Code_GerthAndrew.pdf>]
<ASTE86_ComputerProject_Part1_Code_GerthAndrew.pdf, id=195, page=3, 614.295pt x
 794.97pt>
File: ASTE86_ComputerProject_Part1_Code_GerthAndrew.pdf Graphic file (type pdf)

<use ASTE86_ComputerProject_Part1_Code_GerthAndrew.pdf, page 3>
Package pdftex.def Info: ASTE86_ComputerProject_Part1_Code_GerthAndrew.pdf , pa
ge3 used on input line 286.
(pdftex.def)             Requested size: 614.58406pt x 795.3441pt.
File: ASTE86_ComputerProject_Part1_Code_GerthAndrew.pdf Graphic file (type pdf)

<use ASTE86_ComputerProject_Part1_Code_GerthAndrew.pdf, page 3>
Package pdftex.def Info: ASTE86_ComputerProject_Part1_Code_GerthAndrew.pdf , pa
ge3 used on input line 286.
(pdftex.def)             Requested size: 614.58406pt x 795.3441pt.
File: ASTE86_ComputerProject_Part1_Code_GerthAndrew.pdf Graphic file (type pdf)

<use ASTE86_ComputerProject_Part1_Code_GerthAndrew.pdf, page 3>
Package pdftex.def Info: ASTE86_ComputerProject_Part1_Code_GerthAndrew.pdf , pa
ge3 used on input line 286.
(pdftex.def)             Requested size: 614.58406pt x 795.3441pt.
 [11

 <./ASTE86_ComputerProject_Part1_Code_GerthAndrew.pdf>]
<ASTE86_ComputerProject_Part1_Code_GerthAndrew.pdf, id=199, page=4, 614.295pt x
 794.97pt>
File: ASTE86_ComputerProject_Part1_Code_GerthAndrew.pdf Graphic file (type pdf)

<use ASTE86_ComputerProject_Part1_Code_GerthAndrew.pdf, page 4>
Package pdftex.def Info: ASTE86_ComputerProject_Part1_Code_GerthAndrew.pdf , pa
ge4 used on input line 286.
(pdftex.def)             Requested size: 614.58406pt x 795.3441pt.
File: ASTE86_ComputerProject_Part1_Code_GerthAndrew.pdf Graphic file (type pdf)

<use ASTE86_ComputerProject_Part1_Code_GerthAndrew.pdf, page 4>
Package pdftex.def Info: ASTE86_ComputerProject_Part1_Code_GerthAndrew.pdf , pa
ge4 used on input line 286.
(pdftex.def)             Requested size: 614.58406pt x 795.3441pt.
File: ASTE86_ComputerProject_Part1_Code_GerthAndrew.pdf Graphic file (type pdf)

<use ASTE86_ComputerProject_Part1_Code_GerthAndrew.pdf, page 4>
Package pdftex.def Info: ASTE86_ComputerProject_Part1_Code_GerthAndrew.pdf , pa
ge4 used on input line 286.
(pdftex.def)             Requested size: 614.58406pt x 795.3441pt.
 [12

 <./ASTE86_ComputerProject_Part1_Code_GerthAndrew.pdf>]
Overfull \hbox (8.84486pt too wide) in paragraph at lines 289--289
[]\OT1/cmr/bx/n/14.4 Appendix B: De-tailed Deriva-tion of An-a-lyt-i-cal So-lu-
tion 
 []

<ASTE586_ComputerProjectPart1_GerthAndrew_paper.pdf, id=203, 614.295pt x 794.97
pt>
File: ASTE586_ComputerProjectPart1_GerthAndrew_paper.pdf Graphic file (type pdf
)
<use ASTE586_ComputerProjectPart1_GerthAndrew_paper.pdf>
Package pdftex.def Info: ASTE586_ComputerProjectPart1_GerthAndrew_paper.pdf  us
ed on input line 292.
(pdftex.def)             Requested size: 614.29349pt x 794.96806pt.
File: ASTE586_ComputerProjectPart1_GerthAndrew_paper.pdf Graphic file (type pdf
)
<use ASTE586_ComputerProjectPart1_GerthAndrew_paper.pdf>
Package pdftex.def Info: ASTE586_ComputerProjectPart1_GerthAndrew_paper.pdf  us
ed on input line 292.
(pdftex.def)             Requested size: 614.29349pt x 794.96806pt.
<ASTE586_ComputerProjectPart1_GerthAndrew_paper.pdf, id=206, page=1, 614.295pt 
x 794.97pt>
File: ASTE586_ComputerProjectPart1_GerthAndrew_paper.pdf Graphic file (type pdf
)
<use ASTE586_ComputerProjectPart1_GerthAndrew_paper.pdf, page 1>
Package pdftex.def Info: ASTE586_ComputerProjectPart1_GerthAndrew_paper.pdf , p
age1 used on input line 292.
(pdftex.def)             Requested size: 614.29349pt x 794.96806pt.
File: ASTE586_ComputerProjectPart1_GerthAndrew_paper.pdf Graphic file (type pdf
)
<use ASTE586_ComputerProjectPart1_GerthAndrew_paper.pdf, page 1>
Package pdftex.def Info: ASTE586_ComputerProjectPart1_GerthAndrew_paper.pdf , p
age1 used on input line 292.
(pdftex.def)             Requested size: 614.58406pt x 795.3441pt.
[13]
File: ASTE586_ComputerProjectPart1_GerthAndrew_paper.pdf Graphic file (type pdf
)
<use ASTE586_ComputerProjectPart1_GerthAndrew_paper.pdf, page 1>
Package pdftex.def Info: ASTE586_ComputerProjectPart1_GerthAndrew_paper.pdf , p
age1 used on input line 292.
(pdftex.def)             Requested size: 614.58406pt x 795.3441pt.
File: ASTE586_ComputerProjectPart1_GerthAndrew_paper.pdf Graphic file (type pdf
)
<use ASTE586_ComputerProjectPart1_GerthAndrew_paper.pdf, page 1>
Package pdftex.def Info: ASTE586_ComputerProjectPart1_GerthAndrew_paper.pdf , p
age1 used on input line 292.
(pdftex.def)             Requested size: 614.58406pt x 795.3441pt.
File: ASTE586_ComputerProjectPart1_GerthAndrew_paper.pdf Graphic file (type pdf
)
<use ASTE586_ComputerProjectPart1_GerthAndrew_paper.pdf, page 1>
Package pdftex.def Info: ASTE586_ComputerProjectPart1_GerthAndrew_paper.pdf , p
age1 used on input line 292.
(pdftex.def)             Requested size: 614.58406pt x 795.3441pt.
 [14

 <./ASTE586_ComputerProjectPart1_GerthAndrew_paper.pdf>]
<ASTE586_ComputerProjectPart1_GerthAndrew_paper.pdf, id=218, page=2, 614.295pt 
x 794.97pt>
File: ASTE586_ComputerProjectPart1_GerthAndrew_paper.pdf Graphic file (type pdf
)
<use ASTE586_ComputerProjectPart1_GerthAndrew_paper.pdf, page 2>
Package pdftex.def Info: ASTE586_ComputerProjectPart1_GerthAndrew_paper.pdf , p
age2 used on input line 292.
(pdftex.def)             Requested size: 614.58406pt x 795.3441pt.
File: ASTE586_ComputerProjectPart1_GerthAndrew_paper.pdf Graphic file (type pdf
)
<use ASTE586_ComputerProjectPart1_GerthAndrew_paper.pdf, page 2>
Package pdftex.def Info: ASTE586_ComputerProjectPart1_GerthAndrew_paper.pdf , p
age2 used on input line 292.
(pdftex.def)             Requested size: 614.58406pt x 795.3441pt.
File: ASTE586_ComputerProjectPart1_GerthAndrew_paper.pdf Graphic file (type pdf
)
<use ASTE586_ComputerProjectPart1_GerthAndrew_paper.pdf, page 2>
Package pdftex.def Info: ASTE586_ComputerProjectPart1_GerthAndrew_paper.pdf , p
age2 used on input line 292.
(pdftex.def)             Requested size: 614.58406pt x 795.3441pt.
 [15

 <./ASTE586_ComputerProjectPart1_GerthAndrew_paper.pdf>]
<ASTE586_ComputerProjectPart1_GerthAndrew_paper.pdf, id=223, page=3, 614.295pt 
x 794.97pt>
File: ASTE586_ComputerProjectPart1_GerthAndrew_paper.pdf Graphic file (type pdf
)
<use ASTE586_ComputerProjectPart1_GerthAndrew_paper.pdf, page 3>
Package pdftex.def Info: ASTE586_ComputerProjectPart1_GerthAndrew_paper.pdf , p
age3 used on input line 292.
(pdftex.def)             Requested size: 614.58406pt x 795.3441pt.
File: ASTE586_ComputerProjectPart1_GerthAndrew_paper.pdf Graphic file (type pdf
)
<use ASTE586_ComputerProjectPart1_GerthAndrew_paper.pdf, page 3>
Package pdftex.def Info: ASTE586_ComputerProjectPart1_GerthAndrew_paper.pdf , p
age3 used on input line 292.
(pdftex.def)             Requested size: 614.58406pt x 795.3441pt.
File: ASTE586_ComputerProjectPart1_GerthAndrew_paper.pdf Graphic file (type pdf
)
<use ASTE586_ComputerProjectPart1_GerthAndrew_paper.pdf, page 3>
Package pdftex.def Info: ASTE586_ComputerProjectPart1_GerthAndrew_paper.pdf , p
age3 used on input line 292.
(pdftex.def)             Requested size: 614.58406pt x 795.3441pt.
 [16

 <./ASTE586_ComputerProjectPart1_GerthAndrew_paper.pdf>] (./ASTE586_ComputerPro
jectPart1_GerthAndrew.aux)
 ***********
LaTeX2e <2023-11-01> patch level 1
L3 programming layer <2024-02-20>
 ***********
 ) 
Here is how much of TeX's memory you used:
 4546 strings out of 474116
 73491 string characters out of 5743682
 1939187 words of memory out of 5000000
 26857 multiletter control sequences out of 15000+600000
 565334 words of font info for 64 fonts, out of 8000000 for 9000
 1141 hyphenation exceptions out of 8191
 68i,17n,79p,622b,428s stack positions out of 10000i,1000n,20000p,200000b,200000s
</usr/local/texlive/2024/texmf-dist/fonts/type1/public/amsfonts/cm/cmbx12.pfb
></usr/local/texlive/2024/texmf-dist/fonts/type1/public/amsfonts/cm/cmex10.pfb>
</usr/local/texlive/2024/texmf-dist/fonts/type1/public/amsfonts/cm/cmmi10.pfb><
/usr/local/texlive/2024/texmf-dist/fonts/type1/public/amsfonts/cm/cmmi8.pfb></u
sr/local/texlive/2024/texmf-dist/fonts/type1/public/amsfonts/cm/cmr10.pfb></usr
/local/texlive/2024/texmf-dist/fonts/type1/public/amsfonts/cm/cmr12.pfb></usr/l
ocal/texlive/2024/texmf-dist/fonts/type1/public/amsfonts/cm/cmr17.pfb></usr/loc
al/texlive/2024/texmf-dist/fonts/type1/public/amsfonts/cm/cmr6.pfb></usr/local/
texlive/2024/texmf-dist/fonts/type1/public/amsfonts/cm/cmr8.pfb></usr/local/tex
live/2024/texmf-dist/fonts/type1/public/amsfonts/cm/cmsy10.pfb></usr/local/texl
ive/2024/texmf-dist/fonts/type1/public/amsfonts/cm/cmsy8.pfb></usr/local/texliv
e/2024/texmf-dist/fonts/type1/public/amsfonts/cm/cmtt10.pfb>
Output written on ASTE586_ComputerProjectPart1_GerthAndrew.pdf (16 pages, 50997
23 bytes).
PDF statistics:
 279 PDF objects out of 1000 (max. 8388607)
 95 compressed objects within 1 object stream
 0 named destinations out of 1000 (max. 500000)
 106 words of extra memory for PDF output out of 10000 (max. 10000000)

